<?xml version="1.0" encoding="UTF-8"?>
<testng-results ignored="0" total="1" passed="1" failed="0" skipped="0">
  <reporter-output>
  </reporter-output>
  <suite started-at="2023-07-12T15:18:23 IST" name="Default suite" finished-at="2023-07-12T15:18:30 IST" duration-ms="7063">
    <groups>
    </groups>
    <test started-at="2023-07-12T15:18:23 IST" name="Default test" finished-at="2023-07-12T15:18:30 IST" duration-ms="7063">
      <class name="Simple.FirstTest">
        <test-method signature="verifyURl()[pri:0, instance:Simple.FirstTest@1de5f259]" started-at="2023-07-12T15:18:23 IST" name="verifyURl" finished-at="2023-07-12T15:18:30 IST" duration-ms="6958" status="PASS">
          <reporter-output>
          </reporter-output>
        </test-method> <!-- verifyURl -->
      </class> <!-- Simple.FirstTest -->
    </test> <!-- Default test -->
  </suite> <!-- Default suite -->
</testng-results>
